TN:
SF:src/components/buttons/types/ButtonConfig.ts
FNF:0
FNH:0
DA:1,1
DA:2,1
DA:3,1
DA:4,1
DA:5,1
LF:5
LH:5
BRF:0
BRH:0
end_of_record
TN:
SF:src/components/buttons/utils/parseButtonConfig.ts
FN:3,parseButtonConfig
FNF:1
FNH:1
FNDA:3,parseButtonConfig
DA:1,1
DA:2,1
DA:3,3
DA:4,3
DA:5,3
DA:6,3
DA:7,2
DA:8,2
DA:9,2
DA:10,2
DA:11,2
DA:12,0
DA:13,0
DA:14,0
DA:15,0
DA:16,0
DA:17,3
DA:18,1
DA:19,1
DA:20,1
DA:21,1
DA:22,3
DA:23,3
DA:24,3
DA:25,1
DA:26,1
LF:26
LH:21
BRDA:3,0,0,3
BRDA:6,1,0,2
BRDA:11,2,0,0
BRDA:17,3,0,1
BRF:4
BRH:3
end_of_record
